--- Patch initialized ---
Djongo patches successfully initialized.
Query.parse SQL: SELECT "api_customuser"."username" FROM "api_customuser"...
SQL type identified: SELECT
Query.parse result: <class 'djongo.sql2mongo.query.SelectQuery'>
Query.parse SQL: SELECT "django_migrations"."id", "django_migrations"."app", "django_migrations"."name", "django_migr...
SQL type identified: SELECT
Query.parse result: <class 'djongo.sql2mongo.query.SelectQuery'>
--- Patch initialized ---
Djongo patches successfully initialized.
--- Patch initialized ---
Djongo patches successfully initialized.
Query.parse SQL: SELECT %(0)s AS "a" FROM "master_data_examtype" WHERE "master_data_examtype"."code" = %(1)s LIMIT 1...
SQL type identified: SELECT
Query.parse result: <class 'djongo.sql2mongo.query.SelectQuery'>
Query.parse SQL: INSERT INTO "master_data_examtype" ("name", "target_exam_id", "code", "description", "is_active", "c...
SQL type identified: INSERT
Query.parse ERROR: 

	Keyword: None
	Sub SQL: None
	FAILED SQL: INSERT INTO "master_data_examtype" ("name", "target_exam_id", "code", "description", "is_active", "created_at", "updated_at") VALUES (%(0)s, %(1)s, %(2)s, %(3)s, %(4)s, %(5)s, %(6)s)
	Params: ['Final Trace', None, 'FINAL_TRACE', 'Check log file', True, datetime.datetime(2026, 3, 11, 7, 59, 48, 956624), datetime.datetime(2026, 3, 11, 7, 59, 48, 956624)]
	Version: 1.3.6
--- Patch initialized ---
Djongo patches successfully initialized.
Query.parse SQL: SELECT "api_customuser"."username" FROM "api_customuser"...
SQL type identified: SELECT
Query.parse result: <class 'djongo.sql2mongo.query.SelectQuery'>
Query.parse SQL: SELECT "django_migrations"."id", "django_migrations"."app", "django_migrations"."name", "django_migr...
SQL type identified: SELECT
Query.parse result: <class 'djongo.sql2mongo.query.SelectQuery'>
--- Patch initialized ---
Djongo patches successfully initialized.
--- Patch initialized ---
Djongo patches successfully initialized.
Query.parse SQL: SELECT "master_data_examtype"."id", "master_data_examtype"."name", "master_data_examtype"."target_ex...
SQL type identified: SELECT
Query.parse result: <class 'djongo.sql2mongo.query.SelectQuery'>
Query.parse SQL: SELECT "master_data_libraryitem"."id", "master_data_libraryitem"."name", "master_data_libraryitem"."...
SQL type identified: SELECT
Query.parse result: <class 'djongo.sql2mongo.query.SelectQuery'>
Query.parse SQL: SELECT "master_data_solutionitem"."id" FROM "master_data_solutionitem" WHERE "master_data_solutionit...
SQL type identified: SELECT
Query.parse result: <class 'djongo.sql2mongo.query.SelectQuery'>
Query.parse SQL: SELECT "master_data_notice"."id", "master_data_notice"."title", "master_data_notice"."description", ...
SQL type identified: SELECT
Query.parse result: <class 'djongo.sql2mongo.query.SelectQuery'>
Query.parse SQL: SELECT "master_data_liveclass"."id" FROM "master_data_liveclass" WHERE "master_data_liveclass"."exam...
SQL type identified: SELECT
Query.parse result: <class 'djongo.sql2mongo.query.SelectQuery'>
Query.parse SQL: SELECT "master_data_video"."id" FROM "master_data_video" WHERE "master_data_video"."exam_type_id" IN...
SQL type identified: SELECT
Query.parse result: <class 'djongo.sql2mongo.query.SelectQuery'>
Query.parse SQL: SELECT "master_data_penpapertest"."id" FROM "master_data_penpapertest" WHERE "master_data_penpaperte...
SQL type identified: SELECT
Query.parse result: <class 'djongo.sql2mongo.query.SelectQuery'>
Query.parse SQL: SELECT "master_data_homework"."id" FROM "master_data_homework" WHERE "master_data_homew = %(0)sork"....
SQL type identified: SELECT
Query.parse result: <class 'djongo.sql2mongo.query.SelectQuery'>
Query.parse SQL: SELECT "tests_test"."id" FROM "tests_test" WHERE "tests_test"."exam_type_id" IN (%(0)s)...
SQL type identified: SELECT
Query.parse result: <class 'djongo.sql2mongo.query.SelectQuery'>
Query.parse SQL: SELECT "questions_question"."_id" FROM "questions_question" WHERE "questions_question"."exam_type_id...
SQL type identified: SELECT
Query.parse result: <class 'djongo.sql2mongo.query.SelectQuery'>
Query.parse SQL: SELECT "questions_questionimage"."_id", "questions_questionimage"."image", "questions_questionimage"...
SQL type identified: SELECT
Query.parse result: <class 'djongo.sql2mongo.query.SelectQuery'>
Query.parse SQL: DELETE FROM "master_data_examdetail" WHERE "master_data_examdetail"."exam_type_id" IN (%(0)s)...
SQL type identified: DELETE
Query.parse result: <class 'djongo.sql2mongo.query.DeleteQuery'>
Query.parse SQL: DELETE FROM "master_data_examtype" WHERE "master_data_examtype"."id" IN (%(0)s)...
SQL type identified: DELETE
Query.parse result: <class 'djongo.sql2mongo.query.DeleteQuery'>
Query.parse SQL: SELECT %(0)s AS "a" FROM "master_data_examtype" WHERE "master_data_examtype"."code" = %(1)s LIMIT 1...
SQL type identified: SELECT
Query.parse result: <class 'djongo.sql2mongo.query.SelectQuery'>
Query.parse SQL: INSERT INTO "master_data_examtype" ("name", "target_exam_id", "code", "description", "is_active", "c...
SQL type identified: INSERT
Query.parse ERROR: 

	Keyword: None
	Sub SQL: None
	FAILED SQL: INSERT INTO "master_data_examtype" ("name", "target_exam_id", "code", "description", "is_active", "created_at", "updated_at") VALUES (%(0)s, %(1)s, %(2)s, %(3)s, %(4)s, %(5)s, %(6)s)
	Params: ['Final Trace', None, 'FINAL_TRACE', 'Check log file', True, datetime.datetime(2026, 3, 11, 8, 1, 29, 313827), datetime.datetime(2026, 3, 11, 8, 1, 29, 313827)]
	Version: 1.3.6
--- Patch initialized ---
Djongo patches successfully initialized.
Query.parse SQL: SELECT "api_customuser"."username" FROM "api_customuser"
SQL type identified: SELECT
Query.parse successful
Query.parse SQL: SELECT "django_migrations"."id", "django_migrations"."app", "django_migrations"."name", "django_migrations"."applied" FROM "django_migrations"
SQL type identified: SELECT
Query.parse successful
--- Patch initialized ---
Djongo patches successfully initialized.
--- Patch initialized ---
Djongo patches successfully initialized.
Query.parse SQL: SELECT "master_data_examtype"."id", "master_data_examtype"."name", "master_data_examtype"."target_exam_id", "master_data_examtype"."code", "master_data_examtype"."description", "master_data_examtype"."is_active", "master_data_examtype"."created_at", "master_data_examtype"."updated_at" FROM "master_data_examtype"
SQL type identified: SELECT
Query.parse successful
Query.parse SQL: SELECT "master_data_libraryitem"."id", "master_data_libraryitem"."name", "master_data_libraryitem"."description", "master_data_libraryitem"."thumbnail", "master_data_libraryitem"."pdf_file", "master_data_libraryitem"."session_id", "master_data_libraryitem"."class_level_id", "master_data_libraryitem"."subject_id", "master_data_libraryitem"."exam_type_id", "master_data_libraryitem"."target_exam_id", "master_data_libraryitem"."section_id", "master_data_libraryitem"."is_active", "master_data_libraryitem"."created_at", "master_data_libraryitem"."updated_at" FROM "master_data_libraryitem" WHERE "master_data_libraryitem"."exam_type_id" IN (%(0)s)
SQL type identified: SELECT
Query.parse successful
Query.parse SQL: SELECT "master_data_solutionitem"."id" FROM "master_data_solutionitem" WHERE "master_data_solutionitem"."exam_type_id" IN (%(0)s)
SQL type identified: SELECT
Query.parse successful
Query.parse SQL: SELECT "master_data_notice"."id", "master_data_notice"."title", "master_data_notice"."description", "master_data_notice"."file_attachment", "master_data_notice"."session_id", "master_data_notice"."class_level_id", "master_data_notice"."subject_id", "master_data_notice"."exam_type_id", "master_data_notice"."target_exam_id", "master_data_notice"."section_id", "master_data_notice"."is_active", "master_data_notice"."created_at", "master_data_notice"."updated_at" FROM "master_data_notice" WHERE "master_data_notice"."exam_type_id" IN (%(0)s)
SQL type identified: SELECT
Query.parse successful
Query.parse SQL: SELECT "master_data_liveclass"."id" FROM "master_data_liveclass" WHERE "master_data_liveclass"."exam_type_id" IN (%(0)s)
SQL type identified: SELECT
Query.parse successful
Query.parse SQL: SELECT "master_data_video"."id" FROM "master_data_video" WHERE "master_data_video"."exam_type_id" IN (%(0)s)
SQL type identified: SELECT
Query.parse successful
Query.parse SQL: SELECT "master_data_penpapertest"."id" FROM "master_data_penpapertest" WHERE "master_data_penpapertest"."exam_type_id" IN (%(0)s)
SQL type identified: SELECT
Query.parse successful
Query.parse SQL: SELECT "master_data_homework"."id" FROM "master_data_homework" WHERE "master_data_homew = %(0)sork"."exam_type_id" IN (%(1)s)
SQL type identified: SELECT
Query.parse successful
Query.parse SQL: SELECT "tests_test"."id" FROM "tests_test" WHERE "tests_test"."exam_type_id" IN (%(0)s)
SQL type identified: SELECT
Query.parse successful
Query.parse SQL: SELECT "questions_question"."_id" FROM "questions_question" WHERE "questions_question"."exam_type_id" IN (%(0)s) ORDER BY "questions_question"."created_at" DESC
SQL type identified: SELECT
Query.parse successful
Query.parse SQL: SELECT "questions_questionimage"."_id", "questions_questionimage"."image", "questions_questionimage"."class_level_id", "questions_questionimage"."subject_id", "questions_questionimage"."topic_id", "questions_questionimage"."exam_type_id", "questions_questionimage"."target_exam_id", "questions_questionimage"."created_at" FROM "questions_questionimage" WHERE "questions_questionimage"."exam_type_id" IN (%(0)s) ORDER BY "questions_questionimage"."created_at" DESC
SQL type identified: SELECT
Query.parse successful
Query.parse SQL: DELETE FROM "master_data_examdetail" WHERE "master_data_examdetail"."exam_type_id" IN (%(0)s)
SQL type identified: DELETE
Query.parse successful
Query.parse SQL: DELETE FROM "master_data_examtype" WHERE "master_data_examtype"."id" IN (%(0)s)
SQL type identified: DELETE
Query.parse successful
Query.parse SQL: SELECT %(0)s AS "a" FROM "master_data_examtype" WHERE "master_data_examtype"."code" = %(1)s LIMIT 1
SQL type identified: SELECT
Query.parse successful
Query.parse SQL: INSERT INTO "master_data_examtype" ("name", "target_exam_id", "code", "description", "is_active", "created_at", "updated_at") VALUES (%(0)s, %(1)s, %(2)s, %(3)s, %(4)s, %(5)s, %(6)s)
SQL type identified: INSERT
Overhauled INSERT Parse START: INSERT INTO "master_data_examtype" ("name", "target_exam_id", "code", "description", "is_active", "created_at", "updated_at") VALUES (%(0)s, %(1)s, %(2)s, %(3)s, %(4)s, %(5)s, %(6)s)
Table: master_data_examtype
Columns: ['name, target_exam_id, code, description, is_active, created_at, updated_at']
Mapped row: ['%(0']
Mapped row: [1]
Mapped row: [2]
Mapped row: [3]
Mapped row: [4]
Mapped row: [5]
Mapped row: [6]
Query.parse ERROR: 

	Keyword: None
	Sub SQL: None
	FAILED SQL: INSERT INTO "master_data_examtype" ("name", "target_exam_id", "code", "description", "is_active", "created_at", "updated_at") VALUES (%(0)s, %(1)s, %(2)s, %(3)s, %(4)s, %(5)s, %(6)s)
	Params: ['Final Trace', None, 'FINAL_TRACE', 'Check log file', True, datetime.datetime(2026, 3, 11, 8, 2, 48, 195397), datetime.datetime(2026, 3, 11, 8, 2, 48, 195397)]
	Version: 1.3.6
--- Patch initialized ---
Djongo patches successfully initialized.
Query.parse SQL: SELECT "api_customuser"."username" FROM "api_customuser"
SQL type identified: SELECT
Query.parse successful
Query.parse SQL: SELECT "django_migrations"."id", "django_migrations"."app", "django_migrations"."name", "django_migrations"."applied" FROM "django_migrations"
SQL type identified: SELECT
Query.parse successful
--- Patch initialized ---
Djongo patches successfully initialized.
--- Patch initialized ---
Djongo patches successfully initialized.
Query.parse SQL: SELECT "master_data_examtype"."id", "master_data_examtype"."name", "master_data_examtype"."target_exam_id", "master_data_examtype"."code", "master_data_examtype"."description", "master_data_examtype"."is_active", "master_data_examtype"."created_at", "master_data_examtype"."updated_at" FROM "master_data_examtype"
SQL type identified: SELECT
Query.parse successful
Query.parse SQL: SELECT "master_data_libraryitem"."id", "master_data_libraryitem"."name", "master_data_libraryitem"."description", "master_data_libraryitem"."thumbnail", "master_data_libraryitem"."pdf_file", "master_data_libraryitem"."session_id", "master_data_libraryitem"."class_level_id", "master_data_libraryitem"."subject_id", "master_data_libraryitem"."exam_type_id", "master_data_libraryitem"."target_exam_id", "master_data_libraryitem"."section_id", "master_data_libraryitem"."is_active", "master_data_libraryitem"."created_at", "master_data_libraryitem"."updated_at" FROM "master_data_libraryitem" WHERE "master_data_libraryitem"."exam_type_id" IN (%(0)s)
SQL type identified: SELECT
Query.parse successful
Query.parse SQL: SELECT "master_data_solutionitem"."id" FROM "master_data_solutionitem" WHERE "master_data_solutionitem"."exam_type_id" IN (%(0)s)
SQL type identified: SELECT
Query.parse successful
Query.parse SQL: SELECT "master_data_notice"."id", "master_data_notice"."title", "master_data_notice"."description", "master_data_notice"."file_attachment", "master_data_notice"."session_id", "master_data_notice"."class_level_id", "master_data_notice"."subject_id", "master_data_notice"."exam_type_id", "master_data_notice"."target_exam_id", "master_data_notice"."section_id", "master_data_notice"."is_active", "master_data_notice"."created_at", "master_data_notice"."updated_at" FROM "master_data_notice" WHERE "master_data_notice"."exam_type_id" IN (%(0)s)
SQL type identified: SELECT
Query.parse successful
Query.parse SQL: SELECT "master_data_liveclass"."id" FROM "master_data_liveclass" WHERE "master_data_liveclass"."exam_type_id" IN (%(0)s)
SQL type identified: SELECT
Query.parse successful
Query.parse SQL: SELECT "master_data_video"."id" FROM "master_data_video" WHERE "master_data_video"."exam_type_id" IN (%(0)s)
SQL type identified: SELECT
Query.parse successful
Query.parse SQL: SELECT "master_data_penpapertest"."id" FROM "master_data_penpapertest" WHERE "master_data_penpapertest"."exam_type_id" IN (%(0)s)
SQL type identified: SELECT
Query.parse successful
Query.parse SQL: SELECT "master_data_homework"."id" FROM "master_data_homework" WHERE "master_data_homew = %(0)sork"."exam_type_id" IN (%(1)s)
SQL type identified: SELECT
Query.parse successful
Query.parse SQL: SELECT "tests_test"."id" FROM "tests_test" WHERE "tests_test"."exam_type_id" IN (%(0)s)
SQL type identified: SELECT
Query.parse successful
Query.parse SQL: SELECT "questions_question"."_id" FROM "questions_question" WHERE "questions_question"."exam_type_id" IN (%(0)s) ORDER BY "questions_question"."created_at" DESC
SQL type identified: SELECT
Query.parse successful
Query.parse SQL: SELECT "questions_questionimage"."_id", "questions_questionimage"."image", "questions_questionimage"."class_level_id", "questions_questionimage"."subject_id", "questions_questionimage"."topic_id", "questions_questionimage"."exam_type_id", "questions_questionimage"."target_exam_id", "questions_questionimage"."created_at" FROM "questions_questionimage" WHERE "questions_questionimage"."exam_type_id" IN (%(0)s) ORDER BY "questions_questionimage"."created_at" DESC
SQL type identified: SELECT
Query.parse successful
Query.parse SQL: DELETE FROM "master_data_examdetail" WHERE "master_data_examdetail"."exam_type_id" IN (%(0)s)
SQL type identified: DELETE
Query.parse successful
Query.parse SQL: DELETE FROM "master_data_examtype" WHERE "master_data_examtype"."id" IN (%(0)s)
SQL type identified: DELETE
Query.parse successful
Query.parse SQL: SELECT %(0)s AS "a" FROM "master_data_examtype" WHERE "master_data_examtype"."code" = %(1)s LIMIT 1
SQL type identified: SELECT
Query.parse successful
Query.parse SQL: INSERT INTO "master_data_examtype" ("name", "target_exam_id", "code", "description", "is_active", "created_at", "updated_at") VALUES (%(0)s, %(1)s, %(2)s, %(3)s, %(4)s, %(5)s, %(6)s)
SQL type identified: INSERT
Overhauled INSERT Parse START: INSERT INTO "master_data_examtype" ("name", "target_exam_id", "code", "description", "is_active", "created_at", "updated_at") VALUES (%(0)s, %(1)s, %(2)s, %(3)s, %(4)s, %(5)s, %(6)s)...
Table: master_data_examtype
Columns (7): ['name', 'target_exam_id', 'code', 'description', 'is_active', 'created_at', 'updated_at']
Mapped row (1 values)
Mapped row (1 values)
Mapped row (1 values)
Mapped row (1 values)
Mapped row (1 values)
Mapped row (1 values)
Mapped row (1 values)
Query.parse ERROR: 

	Keyword: None
	Sub SQL: None
	FAILED SQL: INSERT INTO "master_data_examtype" ("name", "target_exam_id", "code", "description", "is_active", "created_at", "updated_at") VALUES (%(0)s, %(1)s, %(2)s, %(3)s, %(4)s, %(5)s, %(6)s)
	Params: ['Final Trace', None, 'FINAL_TRACE', 'Check log file', True, datetime.datetime(2026, 3, 11, 8, 3, 43, 59940), datetime.datetime(2026, 3, 11, 8, 3, 43, 59940)]
	Version: 1.3.6
--- Patch initialized ---
Djongo patches successfully initialized.
Query.parse SQL: SELECT "api_customuser"."username" FROM "api_customuser"
SQL type identified: SELECT
Query.parse successful
Query.parse SQL: SELECT "django_migrations"."id", "django_migrations"."app", "django_migrations"."name", "django_migrations"."applied" FROM "django_migrations"
SQL type identified: SELECT
Query.parse successful
--- Patch initialized ---
Djongo patches successfully initialized.
--- Patch initialized ---
Djongo patches successfully initialized.
Query.parse SQL: SELECT "master_data_examtype"."id", "master_data_examtype"."name", "master_data_examtype"."target_exam_id", "master_data_examtype"."code", "master_data_examtype"."description", "master_data_examtype"."is_active", "master_data_examtype"."created_at", "master_data_examtype"."updated_at" FROM "master_data_examtype"
SQL type identified: SELECT
Query.parse successful
Query.parse SQL: SELECT "master_data_libraryitem"."id", "master_data_libraryitem"."name", "master_data_libraryitem"."description", "master_data_libraryitem"."thumbnail", "master_data_libraryitem"."pdf_file", "master_data_libraryitem"."session_id", "master_data_libraryitem"."class_level_id", "master_data_libraryitem"."subject_id", "master_data_libraryitem"."exam_type_id", "master_data_libraryitem"."target_exam_id", "master_data_libraryitem"."section_id", "master_data_libraryitem"."is_active", "master_data_libraryitem"."created_at", "master_data_libraryitem"."updated_at" FROM "master_data_libraryitem" WHERE "master_data_libraryitem"."exam_type_id" IN (%(0)s)
SQL type identified: SELECT
Query.parse successful
Query.parse SQL: SELECT "master_data_solutionitem"."id" FROM "master_data_solutionitem" WHERE "master_data_solutionitem"."exam_type_id" IN (%(0)s)
SQL type identified: SELECT
Query.parse successful
Query.parse SQL: SELECT "master_data_notice"."id", "master_data_notice"."title", "master_data_notice"."description", "master_data_notice"."file_attachment", "master_data_notice"."session_id", "master_data_notice"."class_level_id", "master_data_notice"."subject_id", "master_data_notice"."exam_type_id", "master_data_notice"."target_exam_id", "master_data_notice"."section_id", "master_data_notice"."is_active", "master_data_notice"."created_at", "master_data_notice"."updated_at" FROM "master_data_notice" WHERE "master_data_notice"."exam_type_id" IN (%(0)s)
SQL type identified: SELECT
Query.parse successful
Query.parse SQL: SELECT "master_data_liveclass"."id" FROM "master_data_liveclass" WHERE "master_data_liveclass"."exam_type_id" IN (%(0)s)
SQL type identified: SELECT
Query.parse successful
Query.parse SQL: SELECT "master_data_video"."id" FROM "master_data_video" WHERE "master_data_video"."exam_type_id" IN (%(0)s)
SQL type identified: SELECT
Query.parse successful
Query.parse SQL: SELECT "master_data_penpapertest"."id" FROM "master_data_penpapertest" WHERE "master_data_penpapertest"."exam_type_id" IN (%(0)s)
SQL type identified: SELECT
Query.parse successful
Query.parse SQL: SELECT "master_data_homework"."id" FROM "master_data_homework" WHERE "master_data_homew = %(0)sork"."exam_type_id" IN (%(1)s)
SQL type identified: SELECT
Query.parse successful
Query.parse SQL: SELECT "tests_test"."id" FROM "tests_test" WHERE "tests_test"."exam_type_id" IN (%(0)s)
SQL type identified: SELECT
Query.parse successful
Query.parse SQL: SELECT "questions_question"."_id" FROM "questions_question" WHERE "questions_question"."exam_type_id" IN (%(0)s) ORDER BY "questions_question"."created_at" DESC
SQL type identified: SELECT
Query.parse successful
Query.parse SQL: SELECT "questions_questionimage"."_id", "questions_questionimage"."image", "questions_questionimage"."class_level_id", "questions_questionimage"."subject_id", "questions_questionimage"."topic_id", "questions_questionimage"."exam_type_id", "questions_questionimage"."target_exam_id", "questions_questionimage"."created_at" FROM "questions_questionimage" WHERE "questions_questionimage"."exam_type_id" IN (%(0)s) ORDER BY "questions_questionimage"."created_at" DESC
SQL type identified: SELECT
Query.parse successful
Query.parse SQL: DELETE FROM "master_data_examdetail" WHERE "master_data_examdetail"."exam_type_id" IN (%(0)s)
SQL type identified: DELETE
Query.parse successful
Query.parse SQL: DELETE FROM "master_data_examtype" WHERE "master_data_examtype"."id" IN (%(0)s)
SQL type identified: DELETE
Query.parse successful
Query.parse SQL: SELECT %(0)s AS "a" FROM "master_data_examtype" WHERE "master_data_examtype"."code" = %(1)s LIMIT 1
SQL type identified: SELECT
Query.parse successful
Query.parse SQL: INSERT INTO "master_data_examtype" ("name", "target_exam_id", "code", "description", "is_active", "created_at", "updated_at") VALUES (%(0)s, %(1)s, %(2)s, %(3)s, %(4)s, %(5)s, %(6)s)
SQL type identified: INSERT
Overhauled INSERT Parse START: INSERT INTO "master_data_examtype" ("name", "target_exam_id", "code", "description", "is_active", "created_at", "updated_at") VALUES (%(0)s, %(1)s, %(2)s, %(3)s, %(4)s, %(5)s, %(6)s)...
Table: master_data_examtype
Columns (7): ['name', 'target_exam_id', 'code', 'description', 'is_active', 'created_at', 'updated_at']
Mapped row (7 values)
Query.parse successful
--- Patch initialized ---
Djongo patches successfully initialized.
Query.parse SQL: SELECT "master_data_examtype"."id", "master_data_examtype"."name", "master_data_examtype"."target_exam_id", "master_data_examtype"."code", "master_data_examtype"."description", "master_data_examtype"."is_active", "master_data_examtype"."created_at", "master_data_examtype"."updated_at" FROM "master_data_examtype" WHERE "master_data_examtype"."code" = %(0)s LIMIT 21
SQL type identified: SELECT
Query.parse successful
Query.parse SQL: UPDATE "master_data_examtype" SET "name" = %(0)s, "target_exam_id" = NULL, "code" = %(1)s, "description" = %(2)s, "is_active" = %(3)s, "created_at" = %(4)s, "updated_at" = %(5)s WHERE "master_data_examtype"."id" = %(6)s
SQL type identified: UPDATE
Query.parse successful
Query.parse SQL: SELECT "master_data_libraryitem"."id", "master_data_libraryitem"."name", "master_data_libraryitem"."description", "master_data_libraryitem"."thumbnail", "master_data_libraryitem"."pdf_file", "master_data_libraryitem"."session_id", "master_data_libraryitem"."class_level_id", "master_data_libraryitem"."subject_id", "master_data_libraryitem"."exam_type_id", "master_data_libraryitem"."target_exam_id", "master_data_libraryitem"."section_id", "master_data_libraryitem"."is_active", "master_data_libraryitem"."created_at", "master_data_libraryitem"."updated_at" FROM "master_data_libraryitem" WHERE "master_data_libraryitem"."exam_type_id" IN (%(0)s)
SQL type identified: SELECT
Query.parse successful
Query.parse SQL: SELECT "master_data_solutionitem"."id" FROM "master_data_solutionitem" WHERE "master_data_solutionitem"."exam_type_id" IN (%(0)s)
SQL type identified: SELECT
Query.parse successful
Query.parse SQL: SELECT "master_data_notice"."id", "master_data_notice"."title", "master_data_notice"."description", "master_data_notice"."file_attachment", "master_data_notice"."session_id", "master_data_notice"."class_level_id", "master_data_notice"."subject_id", "master_data_notice"."exam_type_id", "master_data_notice"."target_exam_id", "master_data_notice"."section_id", "master_data_notice"."is_active", "master_data_notice"."created_at", "master_data_notice"."updated_at" FROM "master_data_notice" WHERE "master_data_notice"."exam_type_id" IN (%(0)s)
SQL type identified: SELECT
Query.parse successful
Query.parse SQL: SELECT "master_data_liveclass"."id" FROM "master_data_liveclass" WHERE "master_data_liveclass"."exam_type_id" IN (%(0)s)
SQL type identified: SELECT
Query.parse successful
Query.parse SQL: SELECT "master_data_video"."id" FROM "master_data_video" WHERE "master_data_video"."exam_type_id" IN (%(0)s)
SQL type identified: SELECT
Query.parse successful
Query.parse SQL: SELECT "master_data_penpapertest"."id" FROM "master_data_penpapertest" WHERE "master_data_penpapertest"."exam_type_id" IN (%(0)s)
SQL type identified: SELECT
Query.parse successful
Query.parse SQL: SELECT "master_data_homework"."id" FROM "master_data_homework" WHERE "master_data_homew = %(0)sork"."exam_type_id" IN (%(1)s)
SQL type identified: SELECT
Query.parse successful
Query.parse SQL: SELECT "tests_test"."id" FROM "tests_test" WHERE "tests_test"."exam_type_id" IN (%(0)s)
SQL type identified: SELECT
Query.parse successful
Query.parse SQL: SELECT "questions_question"."_id" FROM "questions_question" WHERE "questions_question"."exam_type_id" IN (%(0)s) ORDER BY "questions_question"."created_at" DESC
SQL type identified: SELECT
Query.parse successful
Query.parse SQL: SELECT "questions_questionimage"."_id", "questions_questionimage"."image", "questions_questionimage"."class_level_id", "questions_questionimage"."subject_id", "questions_questionimage"."topic_id", "questions_questionimage"."exam_type_id", "questions_questionimage"."target_exam_id", "questions_questionimage"."created_at" FROM "questions_questionimage" WHERE "questions_questionimage"."exam_type_id" IN (%(0)s) ORDER BY "questions_questionimage"."created_at" DESC
SQL type identified: SELECT
Query.parse successful
Query.parse SQL: DELETE FROM "master_data_examdetail" WHERE "master_data_examdetail"."exam_type_id" IN (%(0)s)
SQL type identified: DELETE
Query.parse successful
Query.parse SQL: DELETE FROM "master_data_examtype" WHERE "master_data_examtype"."id" IN (%(0)s)
SQL type identified: DELETE
Query.parse successful
